<?xml version="1.0" encoding="UTF-8"?>
<!-- Generated by org.testng.reporters.JUnitReportReporter -->
<testsuite hostname="LP-5CD151GGFP" failures="0" tests="2" name="com.hcl.smart.CreateSR" time="34.818" errors="0" timestamp="2022-07-27T17:53:22 IST" skipped="0">
  <testcase classname="com.hcl.smart.CreateSR" name="loginSR" time="17.909"/>
  <system-out/>
  <testcase classname="com.hcl.smart.CreateSR" name="launchSR" time="16.909"/>
  <system-out/>
</testsuite> <!-- com.hcl.smart.CreateSR -->
