<?xml version="1.0" encoding="UTF-8"?>
<!-- Generated by org.testng.reporters.JUnitReportReporter -->
<testsuite hostname="LP-5CD151GGFP" failures="0" tests="2" name="com.hcl.smart.CreateSRTest" time="11.506" errors="0" timestamp="31 Jul 2022 12:54:03 GMT" skipped="0">
  <testcase classname="com.hcl.smart.CreateSRTest" name="loginSR" time="7.378"/>
  <testcase classname="com.hcl.smart.CreateSRTest" name="launchSR" time="4.128"/>
</testsuite> <!-- com.hcl.smart.CreateSRTest -->
